[debug] [2022-11-24T11:56:52.569Z] ----------------------------------------------------------------------
[debug] [2022-11-24T11:56:52.570Z] Command:       /usr/local/bin/node /usr/local/bin/firebase init
[debug] [2022-11-24T11:56:52.570Z] CLI Version:   11.16.1
[debug] [2022-11-24T11:56:52.570Z] Platform:      darwin
[debug] [2022-11-24T11:56:52.571Z] Node Version:  v16.15.1
[debug] [2022-11-24T11:56:52.571Z] Time:          Thu Nov 24 2022 17:41:52 GMT+0545 (Nepal Time)
[debug] [2022-11-24T11:56:52.572Z] ----------------------------------------------------------------------
[debug] 
[debug] [2022-11-24T11:56:52.576Z] > command requires scopes: ["email","openid","https://www.googleapis.com/auth/cloudplatformprojects.readonly","https://www.googleapis.com/auth/firebase","https://www.googleapis.com/auth/cloud-platform"]
[debug] [2022-11-24T11:56:52.576Z] > authorizing via signed-in user (paraslamsong@gmail.com)
[info] 
     ######## #### ########  ######## ########     ###     ######  ########
     ##        ##  ##     ## ##       ##     ##  ##   ##  ##       ##
     ######    ##  ########  ######   ########  #########  ######  ######
     ##        ##  ##    ##  ##       ##     ## ##     ##       ## ##
     ##       #### ##     ## ######## ########  ##     ##  ######  ########

You're about to initialize a Firebase project in this directory:

  /Users/parasrai/Personal Projects/parkingpp

[info] 
=== Account Setup
[info] 
[info] Which account do you want to use for this project? Choose an account or add a new one now
[info] 
[debug] [2022-11-24T11:56:59.219Z] setProjectAccount(/Users/parasrai/Personal Projects/parkingpp, erparasrai@gmail.com)
[info] 
[info] ✔  Using account: erparasrai@gmail.com 
[info] 
=== Project Setup
[info] 
[info] First, let's associate this project directory with a Firebase project.
[info] You can create multiple project aliases by running firebase use --add, 
[info] but for now we'll just set up a default project.
[info] 
[debug] [2022-11-24T11:57:02.831Z] > refreshing access token with scopes: []
[debug] [2022-11-24T11:57:02.835Z] >>> [apiv2][query] POST https://www.googleapis.com/oauth2/v3/token [none]
[debug] [2022-11-24T11:57:02.835Z] >>> [apiv2][body] POST https://www.googleapis.com/oauth2/v3/token [omitted]
[debug] [2022-11-24T11:57:03.441Z] <<< [apiv2][status] POST https://www.googleapis.com/oauth2/v3/token 200
[debug] [2022-11-24T11:57:03.442Z] <<< [apiv2][body] POST https://www.googleapis.com/oauth2/v3/token [omitted]
[debug] [2022-11-24T11:57:03.450Z] >>> [apiv2][query] GET https://firebase.googleapis.com/v1beta1/projects pageSize=100
[debug] [2022-11-24T11:57:04.563Z] <<< [apiv2][status] GET https://firebase.googleapis.com/v1beta1/projects 200
[debug] [2022-11-24T11:57:04.564Z] <<< [apiv2][body] GET https://firebase.googleapis.com/v1beta1/projects [omitted]
[info] i  Using project parking-prativa (Parking) 
[info] 
=== Hosting Setup
[info] 
[info] Your public directory is the folder (relative to your project directory) that
[info] will contain Hosting assets to be uploaded with firebase deploy. If you
[info] have a build process for your assets, use your build's output directory.
[info] 
[info] ✔  Wrote public/404.html 
[debug] [2022-11-24T11:57:14.752Z] >>> [apiv2][query] GET https://www.gstatic.com/firebasejs/releases.json [none]
[debug] [2022-11-24T11:57:15.215Z] <<< [apiv2][status] GET https://www.gstatic.com/firebasejs/releases.json 200
[debug] [2022-11-24T11:57:15.215Z] <<< [apiv2][body] GET https://www.gstatic.com/firebasejs/releases.json {"current":{"version":"9.14.0","browserURL":"https://www.gstatic.com/firebasejs/9.14.0/firebase.js","packageURL":"https://www.gstatic.com/firebasejs/9.14.0/firebase.tgz"},"live":{"version":"9.14","browserURL":"https://www.gstatic.com/firebasejs/live/9.14/firebase.js","packageURL":"https://www.gstatic.com/firebasejs/live/9.14/firebase.tgz"},"components":{"analytics":"https://www.gstatic.com/firebasejs/9.14.0/firebase-analytics.js","app":"https://www.gstatic.com/firebasejs/9.14.0/firebase-app.js","app-check":"https://www.gstatic.com/firebasejs/9.14.0/firebase-app-check.js","auth":"https://www.gstatic.com/firebasejs/9.14.0/firebase-auth.js","auth/cordova":"https://www.gstatic.com/firebasejs/9.14.0/firebase-auth/cordova.js","auth/react-native":"https://www.gstatic.com/firebasejs/9.14.0/firebase-auth/react-native.js","functions":"https://www.gstatic.com/firebasejs/9.14.0/firebase-functions.js","firestore":"https://www.gstatic.com/firebasejs/9.14.0/firebase-firestore.js","firestore/lite":"https://www.gstatic.com/firebasejs/9.14.0/firebase-firestore/lite.js","installations":"https://www.gstatic.com/firebasejs/9.14.0/firebase-installations.js","storage":"https://www.gstatic.com/firebasejs/9.14.0/firebase-storage.js","performance":"https://www.gstatic.com/firebasejs/9.14.0/firebase-performance.js","remote-config":"https://www.gstatic.com/firebasejs/9.14.0/firebase-remote-config.js","messaging":"https://www.gstatic.com/firebasejs/9.14.0/firebase-messaging.js","messaging/sw":"https://www.gstatic.com/firebasejs/9.14.0/firebase-messaging/sw.js","database":"https://www.gstatic.com/firebasejs/9.14.0/firebase-database.js","firestore.memory":"https://www.gstatic.com/firebasejs/9.14.0/firebase-firestore.memory.js"}}
[info] ✔  Wrote public/index.html 
[info] 
[info] i  Detected a .git folder at /Users/parasrai/Personal Projects/parkingpp 
[info] i  Authorizing with GitHub to upload your service account to a GitHub repository's secrets store. 
[info] 
[info] Visit this URL on this device to log in:
[info] https://github.com/login/oauth/authorize?client_id=89cf50f02ac6aaed3484&state=534022028&redirect_uri=http%3A%2F%2Flocalhost%3A9005&scope=read%3Auser%20repo%20public_repo
[info] 
[info] Waiting for authentication...
[debug] [2022-11-24T11:57:30.469Z] >>> [apiv2][query] POST https://github.com/login/oauth/access_token [none]
[debug] [2022-11-24T11:57:30.470Z] >>> [apiv2][body] POST https://github.com/login/oauth/access_token [stream]
[debug] [2022-11-24T11:57:31.285Z] <<< [apiv2][status] POST https://github.com/login/oauth/access_token 200
[debug] [2022-11-24T11:57:31.286Z] <<< [apiv2][body] POST https://github.com/login/oauth/access_token {"access_token":"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","token_type":"bearer","scope":"read:user,repo"}
[debug] [2022-11-24T11:57:31.293Z] >>> [apiv2][query] GET https://api.github.com/user [none]
[debug] [2022-11-24T11:57:32.209Z] <<< [apiv2][status] GET https://api.github.com/user 200
[debug] [2022-11-24T11:57:32.209Z] <<< [apiv2][body] GET https://api.github.com/user {"login":"paraslamsong","id":87746599,"node_id":"MDQ6VXNlcjg3NzQ2NTk5","avatar_url":"https://avatars.githubusercontent.com/u/87746599?v=4","gravatar_id":"","url":"https://api.github.com/users/paraslamsong","html_url":"https://github.com/paraslamsong","followers_url":"https://api.github.com/users/paraslamsong/followers","following_url":"https://api.github.com/users/paraslamsong/following{/other_user}","gists_url":"https://api.github.com/users/paraslamsong/gists{/gist_id}","starred_url":"https://api.github.com/users/paraslamsong/starred{/owner}{/repo}","subscriptions_url":"https://api.github.com/users/paraslamsong/subscriptions","organizations_url":"https://api.github.com/users/paraslamsong/orgs","repos_url":"https://api.github.com/users/paraslamsong/repos","events_url":"https://api.github.com/users/paraslamsong/events{/privacy}","received_events_url":"https://api.github.com/users/paraslamsong/received_events","type":"User","site_admin":false,"name":"Paras Rai","company":null,"blog":"","location":"Kathmandu, Nepal","email":null,"hireable":null,"bio":"I am Computer Engineer","twitter_username":null,"public_repos":11,"public_gists":0,"followers":2,"following":1,"created_at":"2021-07-21T05:13:46Z","updated_at":"2022-10-27T18:37:52Z","private_gists":0,"total_private_repos":18,"owned_private_repos":18,"disk_usage":213453,"collaborators":2,"two_factor_authentication":false,"plan":{"name":"free","space":976562499,"collaborators":0,"private_repos":10000}}
[info] 
[info] ✔  Success! Logged into GitHub as paraslamsong 
[info] 
[debug] [2022-11-24T11:57:38.978Z] >>> [apiv2][query] GET https://api.github.com/repos//actions/secrets/public-key type=owner
[debug] [2022-11-24T11:57:39.580Z] <<< [apiv2][status] GET https://api.github.com/repos//actions/secrets/public-key 404
[debug] [2022-11-24T11:57:39.580Z] <<< [apiv2][body] GET https://api.github.com/repos//actions/secrets/public-key {"message":"Not Found","documentation_url":"https://docs.github.com/rest"}
[debug] [2022-11-24T11:57:41.994Z] >>> [apiv2][query] GET https://api.github.com/repos/user/actions/secrets/public-key type=owner
[debug] [2022-11-24T11:57:42.651Z] <<< [apiv2][status] GET https://api.github.com/repos/user/actions/secrets/public-key 404
[debug] [2022-11-24T11:57:42.651Z] <<< [apiv2][body] GET https://api.github.com/repos/user/actions/secrets/public-key {"message":"Not Found","documentation_url":"https://docs.github.com/rest"}
[debug] [2022-11-24T11:57:47.035Z] >>> [apiv2][query] GET https://api.github.com/repos/user/repo/actions/secrets/public-key type=owner
[debug] [2022-11-24T11:57:47.672Z] <<< [apiv2][status] GET https://api.github.com/repos/user/repo/actions/secrets/public-key 404
[debug] [2022-11-24T11:57:47.672Z] <<< [apiv2][body] GET https://api.github.com/repos/user/repo/actions/secrets/public-key {"message":"Not Found","documentation_url":"https://docs.github.com/rest/reference/actions#get-a-repository-public-key"}
[debug] [2022-11-24T11:57:50.043Z] >>> [apiv2][query] GET https://api.github.com/repos/user/repository/actions/secrets/public-key type=owner
[debug] [2022-11-24T11:57:50.639Z] <<< [apiv2][status] GET https://api.github.com/repos/user/repository/actions/secrets/public-key 404
[debug] [2022-11-24T11:57:50.639Z] <<< [apiv2][body] GET https://api.github.com/repos/user/repository/actions/secrets/public-key {"message":"Not Found","documentation_url":"https://docs.github.com/rest/reference/actions#get-a-repository-public-key"}
[debug] [2022-11-24T11:57:50.809Z] >>> [apiv2][query] GET https://api.github.com/repos//user/repository/actions/secrets/public-key type=owner
[debug] [2022-11-24T11:57:51.393Z] <<< [apiv2][status] GET https://api.github.com/repos//user/repository/actions/secrets/public-key 404
[debug] [2022-11-24T11:57:51.393Z] <<< [apiv2][body] GET https://api.github.com/repos//user/repository/actions/secrets/public-key {"message":"Not Found","documentation_url":"https://docs.github.com/rest"}
[debug] [2022-11-24T11:57:55.882Z] >>> [apiv2][query] GET https://api.github.com/repos//user/repository/actions/secrets/public-key type=owner
[debug] [2022-11-24T11:57:56.504Z] <<< [apiv2][status] GET https://api.github.com/repos//user/repository/actions/secrets/public-key 404
[debug] [2022-11-24T11:57:56.505Z] <<< [apiv2][body] GET https://api.github.com/repos//user/repository/actions/secrets/public-key {"message":"Not Found","documentation_url":"https://docs.github.com/rest"}
[debug] [2022-11-24T11:58:04.697Z] >>> [apiv2][query] GET https://api.github.com/repos//user/repository/actions/secrets/public-key type=owner
[debug] [2022-11-24T11:58:05.320Z] <<< [apiv2][status] GET https://api.github.com/repos//user/repository/actions/secrets/public-key 404
[debug] [2022-11-24T11:58:05.320Z] <<< [apiv2][body] GET https://api.github.com/repos//user/repository/actions/secrets/public-key {"message":"Not Found","documentation_url":"https://docs.github.com/rest"}
[debug] [2022-11-24T11:58:07.141Z] >>> [apiv2][query] GET https://api.github.com/repos/user/repository/actions/secrets/public-key type=owner
[debug] [2022-11-24T11:58:07.842Z] <<< [apiv2][status] GET https://api.github.com/repos/user/repository/actions/secrets/public-key 404
[debug] [2022-11-24T11:58:07.843Z] <<< [apiv2][body] GET https://api.github.com/repos/user/repository/actions/secrets/public-key {"message":"Not Found","documentation_url":"https://docs.github.com/rest/reference/actions#get-a-repository-public-key"}
[debug] [2022-11-24T11:58:07.981Z] >>> [apiv2][query] GET https://api.github.com/repos/user/repository/actions/secrets/public-key type=owner
[debug] [2022-11-24T11:58:08.557Z] <<< [apiv2][status] GET https://api.github.com/repos/user/repository/actions/secrets/public-key 404
[debug] [2022-11-24T11:58:08.557Z] <<< [apiv2][body] GET https://api.github.com/repos/user/repository/actions/secrets/public-key {"message":"Not Found","documentation_url":"https://docs.github.com/rest/reference/actions#get-a-repository-public-key"}
[debug] [2022-11-24T11:58:11.748Z] >>> [apiv2][query] GET https://api.github.com/repos/user/actions/secrets/public-key type=owner
[debug] [2022-11-24T11:58:12.382Z] <<< [apiv2][status] GET https://api.github.com/repos/user/actions/secrets/public-key 404
[debug] [2022-11-24T11:58:12.382Z] <<< [apiv2][body] GET https://api.github.com/repos/user/actions/secrets/public-key {"message":"Not Found","documentation_url":"https://docs.github.com/rest"}
[debug] [2022-11-24T11:58:17.404Z] >>> [apiv2][query] GET https://api.github.com/repos/repository/actions/secrets/public-key type=owner
[debug] [2022-11-24T11:58:18.000Z] <<< [apiv2][status] GET https://api.github.com/repos/repository/actions/secrets/public-key 404
[debug] [2022-11-24T11:58:18.000Z] <<< [apiv2][body] GET https://api.github.com/repos/repository/actions/secrets/public-key {"message":"Not Found","documentation_url":"https://docs.github.com/rest"}
[debug] [2022-11-24T11:58:24.262Z] >>> [apiv2][query] GET https://api.github.com/repos/n/actions/secrets/public-key type=owner
[debug] [2022-11-24T11:58:24.942Z] <<< [apiv2][status] GET https://api.github.com/repos/n/actions/secrets/public-key 404
[debug] [2022-11-24T11:58:24.943Z] <<< [apiv2][body] GET https://api.github.com/repos/n/actions/secrets/public-key {"message":"Not Found","documentation_url":"https://docs.github.com/rest"}
[debug] [2022-11-24T11:58:27.560Z] >>> [apiv2][query] GET https://api.github.com/repos//actions/secrets/public-key type=owner
[debug] [2022-11-24T11:58:28.114Z] <<< [apiv2][status] GET https://api.github.com/repos//actions/secrets/public-key 404
[debug] [2022-11-24T11:58:28.114Z] <<< [apiv2][body] GET https://api.github.com/repos//actions/secrets/public-key {"message":"Not Found","documentation_url":"https://docs.github.com/rest"}
[debug] [2022-11-24T11:58:29.212Z] >>> [apiv2][query] GET https://api.github.com/repos//actions/secrets/public-key type=owner
[debug] [2022-11-24T11:58:29.555Z] >>> [apiv2][query] GET https://api.github.com/repos//actions/secrets/public-key type=owner
[debug] [2022-11-24T11:58:29.700Z] >>> [apiv2][query] GET https://api.github.com/repos//actions/secrets/public-key type=owner
[debug] [2022-11-24T11:58:29.788Z] <<< [apiv2][status] GET https://api.github.com/repos//actions/secrets/public-key 404
[debug] [2022-11-24T11:58:29.788Z] <<< [apiv2][body] GET https://api.github.com/repos//actions/secrets/public-key {"message":"Not Found","documentation_url":"https://docs.github.com/rest"}
[debug] [2022-11-24T11:58:29.878Z] >>> [apiv2][query] GET https://api.github.com/repos//actions/secrets/public-key type=owner
[debug] [2022-11-24T11:58:30.143Z] <<< [apiv2][status] GET https://api.github.com/repos//actions/secrets/public-key 404
[debug] [2022-11-24T11:58:30.143Z] <<< [apiv2][body] GET https://api.github.com/repos//actions/secrets/public-key {"message":"Not Found","documentation_url":"https://docs.github.com/rest"}
[debug] [2022-11-24T11:58:30.187Z] >>> [apiv2][query] GET https://api.github.com/repos//actions/secrets/public-key type=owner
[debug] [2022-11-24T11:58:30.311Z] <<< [apiv2][status] GET https://api.github.com/repos//actions/secrets/public-key 404
[debug] [2022-11-24T11:58:30.311Z] <<< [apiv2][body] GET https://api.github.com/repos//actions/secrets/public-key {"message":"Not Found","documentation_url":"https://docs.github.com/rest"}
[debug] [2022-11-24T11:58:30.459Z] <<< [apiv2][status] GET https://api.github.com/repos//actions/secrets/public-key 404
[debug] [2022-11-24T11:58:30.459Z] <<< [apiv2][body] GET https://api.github.com/repos//actions/secrets/public-key {"message":"Not Found","documentation_url":"https://docs.github.com/rest"}
[debug] [2022-11-24T11:58:30.744Z] <<< [apiv2][status] GET https://api.github.com/repos//actions/secrets/public-key 404
[debug] [2022-11-24T11:58:30.744Z] <<< [apiv2][body] GET https://api.github.com/repos//actions/secrets/public-key {"message":"Not Found","documentation_url":"https://docs.github.com/rest"}
